<?xml version="1.0" encoding="UTF-8"?>
<!-- Generated by org.testng.reporters.JUnitReportReporter -->
<testsuite hostname="Deva" failures="0" tests="1" name="Jenkins.Fb_Login" time="10.806" errors="0" timestamp="2024-01-06T14:50:46 IST" skipped="0">
  <testcase classname="Jenkins.Fb_Login" name="test" time="10.806"/>
</testsuite> <!-- Jenkins.Fb_Login -->
